<?xml version="1.0" encoding="UTF-8"?>
<!-- Generated by org.testng.reporters.JUnitReportReporter -->
<testsuite hostname="SAGITEC-2465" failures="0" tests="1" name="page_TestCases.LoginPage_TC001" time="3.128" errors="0" timestamp="2022-08-17T14:43:57 IST" skipped="0">
  <testcase classname="page_TestCases.LoginPage_TC001" name="loginWithValidCredentials" time="3.128"/>
  <system-out/>
</testsuite> <!-- page_TestCases.LoginPage_TC001 -->
